
--- START 2025-01-22T09:05:35.241Z ---

- Request -
URL: /profile
Method: GET
Cookie: "aAuthToken=eyJhbGciOiJIUzI1NiIsInR5cCI6IkpXVCJ9.eyJkYXRhIjpbImJjYmQxNjYxLWUxNzktNDUwOS05MjFlLWQxOWEyZWE5NzExZSIsIjE0YzgyYmY5LWViZTItNDQ5MS04ZjIyLWZmYTNjZWQ4NmM4NiJdLCJpYXQiOjE3Mzc1MzYwNzksImV4cCI6MTczNzUzNjM3OX0.LCOnHSsdZMfoPT196xLtnVIBDe2ceF8HFu9i8frUSTI; rAuthToken=eyJhbGciOiJIUzI1NiIsInR5cCI6IkpXVCJ9.eyJkYXRhIjoiMTRjODJiZjktZWJlMi00NDkxLThmMjItZmZhM2NlZDg2Yzg2IiwiaWF0IjoxNzM3Mzc2MDU1LCJleHAiOjE3Mzc5ODA4NTV9.hnHUoutg47aSmMMju2-3yCwqq54vng1qdwk_V94_1X8"
Params: {}
Body: undefined
Query: {}

- Error -
Status: 500
Message: helo
Stack: Error: helo
    at ProfileController.myProfile_BASE (D:\Games\OT\Database\New_Project\prologue\src\modules\profile\profile\profile.base.controller.ts:27:15)
    at D:\Games\OT\Database\New_Project\prologue\node_modules\@nestjs\core\router\router-execution-context.js:38:29

--- END 2025-01-22T09:05:35.251Z ---


--- START 2025-01-22T09:40:21.549Z ---

- Request -
URL: /profile
Method: GET
Cookie: "aAuthToken=eyJhbGciOiJIUzI1NiIsInR5cCI6IkpXVCJ9.eyJkYXRhIjpbImJjYmQxNjYxLWUxNzktNDUwOS05MjFlLWQxOWEyZWE5NzExZSIsIjE0YzgyYmY5LWViZTItNDQ5MS04ZjIyLWZmYTNjZWQ4NmM4NiJdLCJpYXQiOjE3Mzc1Mzg2OTksImV4cCI6MTczNzUzODk5OX0.UPqI_oTl9BwHFeXjNNiA6EDWjZXb3Dr2EKUzyh5hSYg; rAuthToken=eyJhbGciOiJIUzI1NiIsInR5cCI6IkpXVCJ9.eyJkYXRhIjoiMTRjODJiZjktZWJlMi00NDkxLThmMjItZmZhM2NlZDg2Yzg2IiwiaWF0IjoxNzM3NTM4Njk0LCJleHAiOjE3MzgxNDM0OTR9.yS7_IPyCMzM-iE-CR5Dqf19dOCVFeew1SV9xbHekCpQ"
Params: {}
Body: undefined
Query: {}

- Error -
Status: 500
Message: helo
Stack: Error: helo
    at ProfileController.myProfile_BASE (D:\Games\OT\Database\New_Project\prologue\src\modules\profile\profile\profile.base.controller.ts:27:15)
    at D:\Games\OT\Database\New_Project\prologue\node_modules\@nestjs\core\router\router-execution-context.js:38:29

--- END 2025-01-22T09:40:21.558Z ---


--- START 2025-01-22T09:40:46.079Z ---

- Request -
URL: /profile
Method: GET
Cookie: "rAuthToken=eyJhbGciOiJIUzI1NiIsInR5cCI6IkpXVCJ9.eyJkYXRhIjoiMTRjODJiZjktZWJlMi00NDkxLThmMjItZmZhM2NlZDg2Yzg2IiwiaWF0IjoxNzM3NTM4ODM5LCJleHAiOjE3MzgxNDM2Mzl9.9d6STDpX7ybkBhUpXn7A06yNP8EqoZAZsLQV_U8l9fk"
Params: {}
Body: undefined
Query: {}

- Error -
Status: 500
Message: helo
Stack: Error: helo
    at ProfileController.myProfile_BASE (D:\Games\OT\Database\New_Project\prologue\src\modules\profile\profile\profile.base.controller.ts:27:15)
    at D:\Games\OT\Database\New_Project\prologue\node_modules\@nestjs\core\router\router-execution-context.js:38:29

--- END 2025-01-22T09:40:46.080Z ---


--- START 2025-01-22T09:40:57.737Z ---

- Request -
URL: /profile
Method: GET
Cookie: "aAuthToken=eyJhbGciOiJIUzI1NiIsInR5cCI6IkpXVCJ9.eyJkYXRhIjpbImJjYmQxNjYxLWUxNzktNDUwOS05MjFlLWQxOWEyZWE5NzExZSIsIjE0YzgyYmY5LWViZTItNDQ5MS04ZjIyLWZmYTNjZWQ4NmM4NiJdLCJpYXQiOjE3Mzc1Mzg4NDYsImV4cCI6MTczNzUzOTE0Nn0.g3zpL2kAl61YO6hKA5_Br3BcVWNzROUOAOA0Y52ZkjY; rAuthToken=eyJhbGciOiJIUzI1NiIsInR5cCI6IkpXVCJ9.eyJkYXRhIjoiMTRjODJiZjktZWJlMi00NDkxLThmMjItZmZhM2NlZDg2Yzg2IiwiaWF0IjoxNzM3NTM4ODM5LCJleHAiOjE3MzgxNDM2Mzl9.9d6STDpX7ybkBhUpXn7A06yNP8EqoZAZsLQV_U8l9fk"
Params: {}
Body: undefined
Query: {}

- Error -
Status: 500
Message: helo
Stack: Error: helo
    at ProfileController.myProfile_BASE (D:\Games\OT\Database\New_Project\prologue\src\modules\profile\profile\profile.base.controller.ts:27:15)
    at D:\Games\OT\Database\New_Project\prologue\node_modules\@nestjs\core\router\router-execution-context.js:38:29

--- END 2025-01-22T09:40:57.738Z ---


--- START 2025-01-22T09:41:08.709Z ---

- Request -
URL: /profile
Method: GET
Cookie: "aAuthToken=eyJhbGciOiJIUzI1NiIsInR5cCI6IkpXVCJ9.eyJkYXRhIjpbImJjYmQxNjYxLWUxNzktNDUwOS05MjFlLWQxOWEyZWE5NzExZSIsIjE0YzgyYmY5LWViZTItNDQ5MS04ZjIyLWZmYTNjZWQ4NmM4NiJdLCJpYXQiOjE3Mzc1Mzg4NDYsImV4cCI6MTczNzUzOTE0Nn0.g3zpL2kAl61YO6hKA5_Br3BcVWNzROUOAOA0Y52ZkjY; rAuthToken=eyJhbGciOiJIUzI1NiIsInR5cCI6IkpXVCJ9.eyJkYXRhIjoiMTRjODJiZjktZWJlMi00NDkxLThmMjItZmZhM2NlZDg2Yzg2IiwiaWF0IjoxNzM3NTM4ODM5LCJleHAiOjE3MzgxNDM2Mzl9.9d6STDpX7ybkBhUpXn7A06yNP8EqoZAZsLQV_U8l9fk"
Params: {}
Body: undefined
Query: {}

- Error -
Status: 500
Message: helo
Stack: Error: helo
    at ProfileController.myProfile_BASE (D:\Games\OT\Database\New_Project\prologue\src\modules\profile\profile\profile.base.controller.ts:27:15)
    at D:\Games\OT\Database\New_Project\prologue\node_modules\@nestjs\core\router\router-execution-context.js:38:29

--- END 2025-01-22T09:41:08.710Z ---


--- START 2025-01-22T09:41:12.434Z ---

- Request -
URL: /profile
Method: GET
Cookie: "aAuthToken=eyJhbGciOiJIUzI1NiIsInR5cCI6IkpXVCJ9.eyJkYXRhIjpbImJjYmQxNjYxLWUxNzktNDUwOS05MjFlLWQxOWEyZWE5NzExZSIsIjE0YzgyYmY5LWViZTItNDQ5MS04ZjIyLWZmYTNjZWQ4NmM4NiJdLCJpYXQiOjE3Mzc1Mzg4NDYsImV4cCI6MTczNzUzOTE0Nn0.g3zpL2kAl61YO6hKA5_Br3BcVWNzROUOAOA0Y52ZkjY; rAuthToken=eyJhbGciOiJIUzI1NiIsInR5cCI6IkpXVCJ9.eyJkYXRhIjoiMTRjODJiZjktZWJlMi00NDkxLThmMjItZmZhM2NlZDg2Yzg2IiwiaWF0IjoxNzM3NTM4ODM5LCJleHAiOjE3MzgxNDM2Mzl9.9d6STDpX7ybkBhUpXn7A06yNP8EqoZAZsLQV_U8l9fk"
Params: {}
Body: undefined
Query: {}

- Error -
Status: 500
Message: helo
Stack: Error: helo
    at ProfileController.myProfile_BASE (D:\Games\OT\Database\New_Project\prologue\src\modules\profile\profile\profile.base.controller.ts:27:15)
    at D:\Games\OT\Database\New_Project\prologue\node_modules\@nestjs\core\router\router-execution-context.js:38:29

--- END 2025-01-22T09:41:12.435Z ---


--- START 2025-01-22T09:41:46.553Z ---

- Request -
URL: /profile/account
Method: GET
Cookie: "aAuthToken=eyJhbGciOiJIUzI1NiIsInR5cCI6IkpXVCJ9.eyJkYXRhIjpbImJjYmQxNjYxLWUxNzktNDUwOS05MjFlLWQxOWEyZWE5NzExZSIsIjE0YzgyYmY5LWViZTItNDQ5MS04ZjIyLWZmYTNjZWQ4NmM4NiJdLCJpYXQiOjE3Mzc1Mzg4NDYsImV4cCI6MTczNzUzOTE0Nn0.g3zpL2kAl61YO6hKA5_Br3BcVWNzROUOAOA0Y52ZkjY; rAuthToken=eyJhbGciOiJIUzI1NiIsInR5cCI6IkpXVCJ9.eyJkYXRhIjoiMTRjODJiZjktZWJlMi00NDkxLThmMjItZmZhM2NlZDg2Yzg2IiwiaWF0IjoxNzM3NTM4ODM5LCJleHAiOjE3MzgxNDM2Mzl9.9d6STDpX7ybkBhUpXn7A06yNP8EqoZAZsLQV_U8l9fk"
Params: {}
Body: undefined
Query: {}

- Response -
Status: 200
Data: {
  "id": "bcbd1661-e179-4509-921e-d19a2ea9711e",
  "email": "User1@gmail.com",
  "phone": null,
  "createdAt": "2025-01-20T12:07:41.745Z",
  "tfaCode": null,
  "accountUI": "234bf420-68ff-4545-bc7d-c02a4e1ea793"
}

--- END 2025-01-22T09:41:46.560Z ---
            


--- START 2025-01-22T09:41:53.297Z ---

- Request -
URL: /profile
Method: GET
Cookie: "aAuthToken=eyJhbGciOiJIUzI1NiIsInR5cCI6IkpXVCJ9.eyJkYXRhIjpbImJjYmQxNjYxLWUxNzktNDUwOS05MjFlLWQxOWEyZWE5NzExZSIsIjE0YzgyYmY5LWViZTItNDQ5MS04ZjIyLWZmYTNjZWQ4NmM4NiJdLCJpYXQiOjE3Mzc1Mzg4NDYsImV4cCI6MTczNzUzOTE0Nn0.g3zpL2kAl61YO6hKA5_Br3BcVWNzROUOAOA0Y52ZkjY; rAuthToken=eyJhbGciOiJIUzI1NiIsInR5cCI6IkpXVCJ9.eyJkYXRhIjoiMTRjODJiZjktZWJlMi00NDkxLThmMjItZmZhM2NlZDg2Yzg2IiwiaWF0IjoxNzM3NTM4ODM5LCJleHAiOjE3MzgxNDM2Mzl9.9d6STDpX7ybkBhUpXn7A06yNP8EqoZAZsLQV_U8l9fk"
Params: {}
Body: undefined
Query: {}

- Error -
Status: 500
Message: helo
Stack: Error: helo
    at ProfileController.myProfile_BASE (D:\Games\OT\Database\New_Project\prologue\src\modules\profile\profile\profile.base.controller.ts:27:15)
    at D:\Games\OT\Database\New_Project\prologue\node_modules\@nestjs\core\router\router-execution-context.js:38:29

--- END 2025-01-22T09:41:53.298Z ---


--- START 2025-01-22T10:07:38.416Z ---

- Request -
URL: /profile
Method: GET
Cookie: "aAuthToken=eyJhbGciOiJIUzI1NiIsInR5cCI6IkpXVCJ9.eyJkYXRhIjpbImJjYmQxNjYxLWUxNzktNDUwOS05MjFlLWQxOWEyZWE5NzExZSIsIjE0YzgyYmY5LWViZTItNDQ5MS04ZjIyLWZmYTNjZWQ4NmM4NiJdLCJpYXQiOjE3Mzc1Mzg4NDYsImV4cCI6MTczNzUzOTE0Nn0.g3zpL2kAl61YO6hKA5_Br3BcVWNzROUOAOA0Y52ZkjY; rAuthToken=eyJhbGciOiJIUzI1NiIsInR5cCI6IkpXVCJ9.eyJkYXRhIjoiMTRjODJiZjktZWJlMi00NDkxLThmMjItZmZhM2NlZDg2Yzg2IiwiaWF0IjoxNzM3NTM4ODM5LCJleHAiOjE3MzgxNDM2Mzl9.9d6STDpX7ybkBhUpXn7A06yNP8EqoZAZsLQV_U8l9fk"
Params: {}
Body: undefined
Query: {}

- Error -
Status: 500
Message: helo
Stack: Error: helo
    at ProfileController.myProfile_BASE (D:\Games\OT\Database\New_Project\prologue\src\modules\profile\profile\profile.base.controller.ts:27:15)
    at D:\Games\OT\Database\New_Project\prologue\node_modules\@nestjs\core\router\router-execution-context.js:38:29

--- END 2025-01-22T10:07:38.488Z ---

